<?xml version="1.0" encoding="UTF-8"?>
<testsuite name="agh.ics.oop.model.Vector2dTest" tests="13" skipped="0" failures="0" errors="0" timestamp="2024-10-23T11:37:19" hostname="DESKTOP-F0M6S2G" time="0.033">
  <properties/>
  <testcase name="subtract()" classname="agh.ics.oop.model.Vector2dTest" time="0.014"/>
  <testcase name="equalsSameVectors()" classname="agh.ics.oop.model.Vector2dTest" time="0.001"/>
  <testcase name="followesTrue()" classname="agh.ics.oop.model.Vector2dTest" time="0.001"/>
  <testcase name="upperRight()" classname="agh.ics.oop.model.Vector2dTest" time="0.0"/>
  <testcase name="precedesFalse()" classname="agh.ics.oop.model.Vector2dTest" time="0.001"/>
  <testcase name="precedesTrue()" classname="agh.ics.oop.model.Vector2dTest" time="0.0"/>
  <testcase name="toStringVector()" classname="agh.ics.oop.model.Vector2dTest" time="0.005"/>
  <testcase name="lowerLeft()" classname="agh.ics.oop.model.Vector2dTest" time="0.0"/>
  <testcase name="opposite()" classname="agh.ics.oop.model.Vector2dTest" time="0.0"/>
  <testcase name="add()" classname="agh.ics.oop.model.Vector2dTest" time="0.0"/>
  <testcase name="equalsDifferentVectorsSameValues()" classname="agh.ics.oop.model.Vector2dTest" time="0.0"/>
  <testcase name="followesFalse()" classname="agh.ics.oop.model.Vector2dTest" time="0.001"/>
  <testcase name="equalsDifferentVectorsDifferentValues()" classname="agh.ics.oop.model.Vector2dTest" time="0.0"/>
  <system-out><![CDATA[]]></system-out>
  <system-err><![CDATA[]]></system-err>
</testsuite>
